2017-11-07 16:33:01,339 [   INFO] execute - No reader specified, using read.Conllu
2017-11-07 16:33:01,339 [   INFO] execute -  ---- ROUND ----
2017-11-07 16:33:01,339 [   INFO] execute - Executing block Conllu
2017-11-07 16:33:01,777 [   INFO] execute - Executing block SetSpaceAfterFromText
2017-11-07 16:33:01,780 [WARNING] process_tree - Node node<test-59#2, pocăinţei> does not match text "pocăinței."
2017-11-07 16:33:01,782 [WARNING] process_tree - Node node<test-112#3, fericiţi> does not match text "fericiți."
2017-11-07 16:33:01,782 [WARNING] process_tree - Node node<test-121#1, Tăiarea> does not match text "Tăierea mâinei."
2017-11-07 16:33:01,782 [WARNING] process_tree - Node node<test-124#2, pizmaşilor> does not match text "pizmașilor."
2017-11-07 16:33:01,782 [WARNING] process_tree - Node node<test-125#1, Săvîrşirea> does not match text "Săvârșirea."
2017-11-07 16:33:01,785 [WARNING] process_tree - Node node<test-180#2, fraţilor> does not match text "fraților."
2017-11-07 16:33:01,785 [WARNING] process_tree - Node node<test-184#2, şi> does not match text "și bogățiia."
2017-11-07 16:33:01,788 [WARNING] process_tree - Node node<test-280#13, e> does not match text "-e, curăţeaşte-te."
2017-11-07 16:33:01,789 [WARNING] process_tree - Node node<test-298#5, însul> does not match text "-însul un cărtulariu"
2017-11-07 16:33:01,789 [WARNING] process_tree - Node node<test-300#20, mieu> does not match text "-mieu."
2017-11-07 16:33:01,789 [WARNING] process_tree - Node node<test-304#18, ne> does not match text "-ne, că perim."
2017-11-07 16:33:01,790 [WARNING] process_tree - Node node<test-317#12, l> does not match text "-l pre El, rugară-l "
2017-11-07 16:33:01,790 [WARNING] process_tree - Node node<test-326#1, Săcerătorii> does not match text "Secerătorii."
2017-11-07 16:33:01,790 [WARNING] process_tree - Node node<test-334#23, ţi> does not match text "-ţi ia patul tău şi "
2017-11-07 16:33:01,791 [WARNING] process_tree - Node node<test-350#4, ţi> does not match text "-ţi pune mîna Ta spr"
2017-11-07 16:33:01,791 [WARNING] process_tree - Node node<test-353#10, aş> does not match text "-aş atinge de veşmîn"
2017-11-07 16:33:01,791 [WARNING] process_tree - Node node<test-360#7, însul> does not match text "-însul mearseră doi "
2017-11-07 16:33:01,792 [WARNING] process_tree - Node node<test-381#2, pasări> does not match text "păsări."
2017-11-07 16:33:01,792 [WARNING] process_tree - Node node<test-386#2, părinţilor> does not match text "părinților."
2017-11-07 16:33:01,792 [WARNING] process_tree - Node node<test-391#8, s> does not match text "-s: întîi Simon, car"
2017-11-07 16:33:01,794 [WARNING] process_tree - Node node<test-439#4, .> does not match text ","
2017-11-07 16:33:01,795 [WARNING] process_tree - Node node<test-474#9, au> does not match text "-au plăcut Ţie."
2017-11-07 16:33:01,796 [WARNING] process_tree - Node node<test-486#3, şi> does not match text "și rău."
2017-11-07 16:33:01,796 [WARNING] process_tree - Node node<test-487#2, năpîrcii> does not match text "năpârcii."
2017-11-07 16:33:01,796 [WARNING] process_tree - Node node<test-490#1, Părinţii> does not match text "Părinții lui Hristos"
2017-11-07 16:33:01,796 [WARNING] process_tree - Node node<test-491#2, aceaia> does not match text "-aceaia vreame merge"
2017-11-07 16:33:01,797 [WARNING] process_tree - Node node<test-509#9, L> does not match text "-L facă pre El aiave"
2017-11-07 16:33:01,798 [WARNING] process_tree - Node node<test-555#1, Grăunţul> does not match text "Grăunțul de muștariu"
2017-11-07 16:33:01,799 [WARNING] process_tree - Node node<test-572#28, dela> does not match text "de el)."
2017-11-07 16:33:01,799 [WARNING] process_tree - Node node<test-574#6, înșii> does not match text "-înșii prorociia Isa"
2017-11-07 16:33:01,801 [WARNING] process_tree - Node node<test-613#7, l> does not match text "-l la margine şi şăz"
2017-11-07 16:33:01,801 [WARNING] process_tree - Node node<test-634#1, Credinţa> does not match text "Credința."
2017-11-07 16:33:01,802 [WARNING] process_tree - Node node<test-647#10, l> does not match text "-l deade featei şi i"
2017-11-07 16:33:01,802 [WARNING] process_tree - Node node<test-648#11, l> does not match text "-l îngrupară, şi ven"
2017-11-07 16:33:01,803 [WARNING] process_tree - Node node<test-676#3, l> does not match text "-l cunoscură oamenii"
2017-11-07 16:33:01,803 [WARNING] process_tree - Node node<test-685#1, Credinţa> does not match text "Credința."
2017-11-07 16:33:01,804 [WARNING] process_tree - Node node<test-693#22, dela> does not match text "de mine, şi nevinova"
2017-11-07 16:33:01,805 [WARNING] process_tree - Node node<test-736#2, învăţătură> does not match text "învățătură."
2017-11-07 16:33:01,805 [WARNING] process_tree - Node node<test-743#1, Piezarea> does not match text "Pierzarea sufletului"
2017-11-07 16:33:01,806 [WARNING] process_tree - Node node<test-770#11, dela> does not match text "de Mine, sătano, smi"
2017-11-07 16:33:01,807 [WARNING] process_tree - Node node<test-781#1, Încredinţarea> does not match text "Încredințarea aposto"
2017-11-07 16:33:01,807 [WARNING] process_tree - Node node<test-782#2, credinţei> does not match text "credinței."
2017-11-07 16:33:01,808 [WARNING] process_tree - Node node<test-815#23, ?> does not match text "."
2017-11-07 16:33:01,809 [WARNING] process_tree - Node node<test-833#7, l> does not match text "-l puse în mijlocul "
2017-11-07 16:33:01,810 [WARNING] process_tree - Node node<test-876#2, aduşi> does not match text "aduși."
2017-11-07 16:33:01,813 [WARNING] process_tree - Node node<test-962#1, Pe> does not match text "961 Pe fosta lui nev"
2017-11-07 16:33:01,816 [WARNING] process_tree - Node node<test-1053#6, ş-> does not match text "ș-o floare, Ce ne-aș"
2017-11-07 16:33:01,816 [WARNING] process_tree - Node node<test-1054#9, şi> does not match text "și se duce, Unul răm"
2017-11-07 16:33:01,816 [WARNING] process_tree - Node node<test-1055#4, aşteptau> does not match text "așteptau, Ci îndată "
2017-11-07 16:33:01,817 [WARNING] process_tree - Node node<test-1086#1, Mi-> does not match text "1085	Mi-a murit un b"
2017-11-07 16:33:01,818 [WARNING] process_tree - Node node<test-1146#4, încălecă> does not match text "încalecă, Drumul la "
2017-11-07 16:33:01,819 [WARNING] process_tree - Node node<test-1175#32, so> does not match text "-so masa îi gătea, M"
2017-11-07 16:33:01,820 [   INFO] execute - Executing block Conllu
